<?xml version="1.0" encoding="UTF-8"?>
<!-- Generated by org.testng.reporters.JUnitXMLReporter -->
<testsuite hostname="KrithvikRamdutya" ignored="0" name="Test" tests="3" failures="0" timestamp="2022-12-08T18:23:29 IST" time="75.591" errors="0">
  <testcase name="toDoTestScenario02" time="3.992" classname="com.lambdatest.testcase.TestScenario02"/>
  <testcase name="toDoTestScenario01" time="6.43" classname="com.lambdatest.testcase.TestScenario01"/>
  <testcase name="toDoTestScenario03" time="16.074" classname="com.lambdatest.testcase.TestScenario03"/>
</testsuite> <!-- Test -->
