<?xml version="1.0" encoding="UTF-8"?>
<testng-results skipped="0" failed="0" ignored="0" total="3" passed="3">
  <reporter-output>
  </reporter-output>
  <suite name="Parallel" duration-ms="75591" started-at="2022-12-08T18:22:13 IST" finished-at="2022-12-08T18:23:29 IST">
    <groups>
    </groups>
    <test name="Test" duration-ms="75591" started-at="2022-12-08T18:22:13 IST" finished-at="2022-12-08T18:23:29 IST">
      <class name="com.lambdatest.testcase.TestScenario01">
        <test-method status="PASS" signature="testCaseSetup()[pri:0, instance:com.lambdatest.testcase.TestScenario01@4fb64261]" name="testCaseSetup" is-config="true" duration-ms="8" started-at="2022-12-08T18:22:13 IST" finished-at="2022-12-08T18:22:13 IST">
          <reporter-output>
          </reporter-output>
        </test-method> <!-- testCaseSetup -->
        <test-method status="PASS" signature="setUp()[pri:0, instance:com.lambdatest.testcase.TestScenario01@4fb64261]" name="setUp" is-config="true" duration-ms="27568" started-at="2022-12-08T18:22:27 IST" finished-at="2022-12-08T18:22:54 IST">
          <reporter-output>
          </reporter-output>
        </test-method> <!-- setUp -->
        <test-method status="PASS" signature="toDoTestScenario01()[pri:0, instance:com.lambdatest.testcase.TestScenario01@4fb64261]" name="toDoTestScenario01" duration-ms="6430" started-at="2022-12-08T18:22:54 IST" finished-at="2022-12-08T18:23:01 IST">
          <reporter-output>
          </reporter-output>
        </test-method> <!-- toDoTestScenario01 -->
        <test-method status="PASS" signature="tearDown()[pri:0, instance:com.lambdatest.testcase.TestScenario01@4fb64261]" name="tearDown" is-config="true" duration-ms="940" started-at="2022-12-08T18:23:01 IST" finished-at="2022-12-08T18:23:02 IST">
          <reporter-output>
          </reporter-output>
        </test-method> <!-- tearDown -->
      </class> <!-- com.lambdatest.testcase.TestScenario01 -->
      <class name="com.lambdatest.testcase.TestScenario03">
        <test-method status="PASS" signature="testCaseSetup()[pri:0, instance:com.lambdatest.testcase.TestScenario03@78ac1102]" name="testCaseSetup" is-config="true" duration-ms="0" started-at="2022-12-08T18:22:13 IST" finished-at="2022-12-08T18:22:13 IST">
          <reporter-output>
          </reporter-output>
        </test-method> <!-- testCaseSetup -->
        <test-method status="PASS" signature="setUp()[pri:0, instance:com.lambdatest.testcase.TestScenario03@78ac1102]" name="setUp" is-config="true" duration-ms="59041" started-at="2022-12-08T18:22:13 IST" finished-at="2022-12-08T18:23:13 IST">
          <reporter-output>
          </reporter-output>
        </test-method> <!-- setUp -->
        <test-method status="PASS" signature="toDoTestScenario03()[pri:0, instance:com.lambdatest.testcase.TestScenario03@78ac1102]" name="toDoTestScenario03" duration-ms="16074" started-at="2022-12-08T18:23:13 IST" finished-at="2022-12-08T18:23:29 IST">
          <reporter-output>
          </reporter-output>
        </test-method> <!-- toDoTestScenario03 -->
        <test-method status="PASS" signature="tearDown()[pri:0, instance:com.lambdatest.testcase.TestScenario03@78ac1102]" name="tearDown" is-config="true" duration-ms="432" started-at="2022-12-08T18:23:29 IST" finished-at="2022-12-08T18:23:29 IST">
          <reporter-output>
          </reporter-output>
        </test-method> <!-- tearDown -->
      </class> <!-- com.lambdatest.testcase.TestScenario03 -->
      <class name="com.lambdatest.testcase.TestScenario02">
        <test-method status="PASS" signature="testCaseSetup()[pri:0, instance:com.lambdatest.testcase.TestScenario02@18bf3d14]" name="testCaseSetup" is-config="true" duration-ms="1" started-at="2022-12-08T18:22:13 IST" finished-at="2022-12-08T18:22:13 IST">
          <reporter-output>
          </reporter-output>
        </test-method> <!-- testCaseSetup -->
        <test-method status="PASS" signature="setUp()[pri:0, instance:com.lambdatest.testcase.TestScenario02@18bf3d14]" name="setUp" is-config="true" duration-ms="8550" started-at="2022-12-08T18:22:13 IST" finished-at="2022-12-08T18:22:22 IST">
          <reporter-output>
          </reporter-output>
        </test-method> <!-- setUp -->
        <test-method status="PASS" signature="toDoTestScenario02()[pri:0, instance:com.lambdatest.testcase.TestScenario02@18bf3d14]" name="toDoTestScenario02" duration-ms="3992" started-at="2022-12-08T18:22:22 IST" finished-at="2022-12-08T18:22:26 IST">
          <reporter-output>
          </reporter-output>
        </test-method> <!-- toDoTestScenario02 -->
        <test-method status="PASS" signature="tearDown()[pri:0, instance:com.lambdatest.testcase.TestScenario02@18bf3d14]" name="tearDown" is-config="true" duration-ms="588" started-at="2022-12-08T18:22:26 IST" finished-at="2022-12-08T18:22:27 IST">
          <reporter-output>
          </reporter-output>
        </test-method> <!-- tearDown -->
      </class> <!-- com.lambdatest.testcase.TestScenario02 -->
    </test> <!-- Test -->
  </suite> <!-- Parallel -->
</testng-results>
