<?xml version="1.0" encoding="UTF-8"?>
<testng-results skipped="0" failed="0" ignored="0" total="1" passed="1">
  <reporter-output>
  </reporter-output>
  <suite name="Default suite" duration-ms="34768" started-at="2022-12-08T16:35:42 IST" finished-at="2022-12-08T16:36:17 IST">
    <groups>
    </groups>
    <test name="Default test" duration-ms="34768" started-at="2022-12-08T16:35:42 IST" finished-at="2022-12-08T16:36:17 IST">
      <class name="com.lambdatest.testcase.TestScenario01">
        <test-method status="PASS" signature="testCaseSetup()[pri:0, instance:com.lambdatest.testcase.TestScenario01@17d0685f]" name="testCaseSetup" is-config="true" duration-ms="15" started-at="2022-12-08T16:35:42 IST" finished-at="2022-12-08T16:35:42 IST">
          <reporter-output>
          </reporter-output>
        </test-method> <!-- testCaseSetup -->
        <test-method status="PASS" signature="setUp()[pri:0, instance:com.lambdatest.testcase.TestScenario01@17d0685f]" name="setUp" is-config="true" duration-ms="25776" started-at="2022-12-08T16:35:42 IST" finished-at="2022-12-08T16:36:08 IST">
          <reporter-output>
          </reporter-output>
        </test-method> <!-- setUp -->
        <test-method status="PASS" signature="toDoTestScenario01()[pri:0, instance:com.lambdatest.testcase.TestScenario01@17d0685f]" name="toDoTestScenario01" duration-ms="7884" started-at="2022-12-08T16:36:08 IST" finished-at="2022-12-08T16:36:16 IST">
          <reporter-output>
          </reporter-output>
        </test-method> <!-- toDoTestScenario01 -->
        <test-method status="PASS" signature="tearDown()[pri:0, instance:com.lambdatest.testcase.TestScenario01@17d0685f]" name="tearDown" is-config="true" duration-ms="1007" started-at="2022-12-08T16:36:16 IST" finished-at="2022-12-08T16:36:17 IST">
          <reporter-output>
          </reporter-output>
        </test-method> <!-- tearDown -->
      </class> <!-- com.lambdatest.testcase.TestScenario01 -->
    </test> <!-- Default test -->
  </suite> <!-- Default suite -->
</testng-results>
